[0.019s] Invoking command in '/home/trueog/ros2_ws_ROB599/build/rclpy': CMAKE_PREFIX_PATH=${CMAKE_PREFIX_PATH}:/home/trueog/ros2_ws_ROB599/install/hw3:/home/trueog/ros2_ws_ROB599/install/hw2:/home/trueog/ros2_ws_ROB599/install/hw1:/home/trueog/ros2_ws_ROB599/src/install/hw3:/home/trueog/ros2_ws_ROB599/src/install/hw2:/home/trueog/ros2_ws_ROB599/src/install/hw1:/home/trueog/ros2_ws_ROB599/src/install/py_pubsub:/opt/ros/kilted DEBUGINFOD_URLS=https://debuginfod.ubuntu.com /usr/bin/cmake /home/trueog/ros2_ws_ROB599/src/rclpy_ws/src/rclpy/rclpy -DCMAKE_INSTALL_PREFIX=/home/trueog/ros2_ws_ROB599/install/rclpy
[0.148s] -- The C compiler identification is GNU 13.3.0
[0.208s] -- The CXX compiler identification is GNU 13.3.0
[0.234s] -- Detecting C compiler ABI info
[0.340s] -- Detecting C compiler ABI info - done
[0.353s] -- Check for working C compiler: /usr/bin/cc - skipped
[0.353s] -- Detecting C compile features
[0.354s] -- Detecting C compile features - done
[0.367s] -- Detecting CXX compiler ABI info
[0.488s] -- Detecting CXX compiler ABI info - done
[0.504s] -- Check for working CXX compiler: /usr/bin/c++ - skipped
[0.504s] -- Detecting CXX compile features
[0.506s] -- Detecting CXX compile features - done
[0.529s] -- Found ament_cmake: 2.7.3 (/opt/ros/kilted/share/ament_cmake/cmake)
[0.705s] -- Found Python3: /usr/bin/python3 (found version "3.12.3") found components: Interpreter 
[0.856s] -- Found lifecycle_msgs: 2.3.0 (/opt/ros/kilted/share/lifecycle_msgs/cmake)
[0.935s] -- Found rosidl_generator_c: 4.9.5 (/opt/ros/kilted/share/rosidl_generator_c/cmake)
[0.958s] -- Found rosidl_generator_cpp: 4.9.5 (/opt/ros/kilted/share/rosidl_generator_cpp/cmake)
[0.992s] -- Using all available rosidl_typesupport_c: rosidl_typesupport_fastrtps_c;rosidl_typesupport_introspection_c
[1.024s] -- Using all available rosidl_typesupport_cpp: rosidl_typesupport_fastrtps_cpp;rosidl_typesupport_introspection_cpp
[1.105s] -- Found rcl: 10.1.3 (/opt/ros/kilted/share/rcl/cmake)
[1.169s] -- Found rmw_implementation_cmake: 7.8.2 (/opt/ros/kilted/share/rmw_implementation_cmake/cmake)
[1.172s] -- Found rmw_fastrtps_cpp: 9.3.3 (/opt/ros/kilted/share/rmw_fastrtps_cpp/cmake)
[1.313s] -- Found OpenSSL: /usr/lib/x86_64-linux-gnu/libcrypto.so (found version "3.0.13")  
[1.330s] -- Using RMW implementation 'rmw_fastrtps_cpp' as default
[1.371s] -- Found rcl_action: 10.1.3 (/opt/ros/kilted/share/rcl_action/cmake)
[1.428s] -- Found rcl_lifecycle: 10.1.3 (/opt/ros/kilted/share/rcl_lifecycle/cmake)
[1.809s] -- Found Python3: /usr/bin/python3 (found version "3.12.3") found components: Interpreter Development Development.Module Development.Embed 
[1.905s] -- Performing Test HAS_FLTO
[2.260s] -- Performing Test HAS_FLTO - Success
[2.260s] -- Found pybind11: /usr/include (found version "2.11.1")
[2.543s] -- Found ament_lint_auto: 0.19.2 (/opt/ros/kilted/share/ament_lint_auto/cmake)
[3.010s] -- Found gtest sources under '/opt/ros/kilted/src/gtest_vendor': C++ tests using 'Google Test' will be built
[3.019s] -- Performing Test CMAKE_HAVE_LIBC_PTHREAD
[3.262s] -- Performing Test CMAKE_HAVE_LIBC_PTHREAD - Success
[3.262s] -- Found Threads: TRUE  
[27.272s] -- Added test 'copyright' to check source files copyright and LICENSE
[27.291s] -- Added test 'cpplint' to check C / C++ code against the Google style
[27.291s] -- Configured cpplint exclude dirs and/or files: 
[27.297s] -- Added test 'flake8' to check Python code syntax and style conventions
[27.297s] -- Configured 'flake8' exclude dirs and/or files: 
[27.301s] -- Added test 'lint_cmake' to check CMake code style
[27.306s] -- Added test 'pep257' to check Python code against some of the docstring style conventions in PEP 257
[27.318s] -- Added test 'uncrustify' to check C / C++ code style
[27.322s] -- Configured uncrustify additional arguments: 
[27.323s] -- Added test 'xmllint' to check XML markup files
[27.327s] -- Configuring done (27.3s)
[27.394s] -- Generating done (0.1s)
[27.415s] -- Build files have been written to: /home/trueog/ros2_ws_ROB599/build/rclpy
[27.445s] Invoked command in '/home/trueog/ros2_ws_ROB599/build/rclpy' returned '0': CMAKE_PREFIX_PATH=${CMAKE_PREFIX_PATH}:/home/trueog/ros2_ws_ROB599/install/hw3:/home/trueog/ros2_ws_ROB599/install/hw2:/home/trueog/ros2_ws_ROB599/install/hw1:/home/trueog/ros2_ws_ROB599/src/install/hw3:/home/trueog/ros2_ws_ROB599/src/install/hw2:/home/trueog/ros2_ws_ROB599/src/install/hw1:/home/trueog/ros2_ws_ROB599/src/install/py_pubsub:/opt/ros/kilted DEBUGINFOD_URLS=https://debuginfod.ubuntu.com /usr/bin/cmake /home/trueog/ros2_ws_ROB599/src/rclpy_ws/src/rclpy/rclpy -DCMAKE_INSTALL_PREFIX=/home/trueog/ros2_ws_ROB599/install/rclpy
[27.447s] Invoking command in '/home/trueog/ros2_ws_ROB599/build/rclpy': CMAKE_PREFIX_PATH=${CMAKE_PREFIX_PATH}:/home/trueog/ros2_ws_ROB599/install/hw3:/home/trueog/ros2_ws_ROB599/install/hw2:/home/trueog/ros2_ws_ROB599/install/hw1:/home/trueog/ros2_ws_ROB599/src/install/hw3:/home/trueog/ros2_ws_ROB599/src/install/hw2:/home/trueog/ros2_ws_ROB599/src/install/hw1:/home/trueog/ros2_ws_ROB599/src/install/py_pubsub:/opt/ros/kilted DEBUGINFOD_URLS=https://debuginfod.ubuntu.com /usr/bin/cmake --build /home/trueog/ros2_ws_ROB599/build/rclpy -- -j4 -l4
[27.583s] [  2%] [32mBuilding CXX object gtest/CMakeFiles/gtest.dir/src/gtest-all.cc.o[0m
[27.594s] [  4%] [32mBuilding CXX object CMakeFiles/_rclpy_pybind11.dir/src/rclpy/_rclpy_logging.cpp.o[0m
[27.595s] [  6%] [32mBuilding CXX object gtest/CMakeFiles/gtest_main.dir/src/gtest_main.cc.o[0m
[27.605s] [  6%] Built target ament_cmake_python_copy_rclpy
[28.268s] running egg_info
[28.275s] creating rclpy.egg-info
[28.332s] writing rclpy.egg-info/PKG-INFO
[28.333s] writing dependency_links to rclpy.egg-info/dependency_links.txt
[28.333s] writing top-level names to rclpy.egg-info/top_level.txt
[28.333s] writing manifest file 'rclpy.egg-info/SOURCES.txt'
[28.463s] reading manifest file 'rclpy.egg-info/SOURCES.txt'
[28.465s] writing manifest file 'rclpy.egg-info/SOURCES.txt'
[28.560s] [  6%] Built target ament_cmake_python_build_rclpy_egg
[28.597s] [  9%] [32mBuilding CXX object CMakeFiles/_rclpy_pybind11.dir/src/rclpy/_rclpy_pybind11.cpp.o[0m
[29.933s] [ 11%] [32m[1mLinking CXX static library libgtest_main.a[0m
[30.026s] [ 11%] Built target gtest_main
[30.053s] [ 13%] [32mBuilding CXX object CMakeFiles/_rclpy_pybind11.dir/src/rclpy/action_client.cpp.o[0m
[31.165s] In file included from [01m[K/home/trueog/ros2_ws_ROB599/src/rclpy_ws/src/rclpy/rclpy/src/rclpy/clock.hpp:26[m[K,
[31.165s]                  from [01m[K/home/trueog/ros2_ws_ROB599/src/rclpy_ws/src/rclpy/rclpy/src/rclpy/client.hpp:28[m[K,
[31.165s]                  from [01m[K/home/trueog/ros2_ws_ROB599/src/rclpy_ws/src/rclpy/rclpy/src/rclpy/wait_set.hpp:25[m[K,
[31.165s]                  from [01m[K/home/trueog/ros2_ws_ROB599/src/rclpy_ws/src/rclpy/rclpy/src/rclpy/action_client.hpp:27[m[K,
[31.166s]                  from [01m[K/home/trueog/ros2_ws_ROB599/src/rclpy_ws/src/rclpy/rclpy/src/rclpy/_rclpy_pybind11.cpp:25[m[K:
[31.166s] [01m[K/home/trueog/ros2_ws_ROB599/src/rclpy_ws/src/rclpy/rclpy/src/rclpy/utils.hpp:153:48:[m[K [01;31m[Kerror: [m[Kâ€˜[01m[Krmw_service_endpoint_info_array_t[m[Kâ€™ does not name a type; did you mean â€˜[01m[Krmw_topic_endpoint_info_array_t[m[Kâ€™?
[31.166s]   153 | convert_to_py_service_endpoint_info_list(const [01;31m[Krmw_service_endpoint_info_array_t[m[K * info_array);
[31.166s]       |                                                [01;31m[K^~~~~~~~~~~~~~~~~~~~~~~~~~~~~~~~~[m[K
[31.166s]       |                                                [32m[Krmw_topic_endpoint_info_array_t[m[K
[32.188s] In file included from [01m[K/home/trueog/ros2_ws_ROB599/src/rclpy_ws/src/rclpy/rclpy/src/rclpy/clock.hpp:26[m[K,
[32.188s]                  from [01m[K/home/trueog/ros2_ws_ROB599/src/rclpy_ws/src/rclpy/rclpy/src/rclpy/client.hpp:28[m[K,
[32.188s]                  from [01m[K/home/trueog/ros2_ws_ROB599/src/rclpy_ws/src/rclpy/rclpy/src/rclpy/wait_set.hpp:25[m[K,
[32.188s]                  from [01m[K/home/trueog/ros2_ws_ROB599/src/rclpy_ws/src/rclpy/rclpy/src/rclpy/action_client.hpp:27[m[K,
[32.188s]                  from [01m[K/home/trueog/ros2_ws_ROB599/src/rclpy_ws/src/rclpy/rclpy/src/rclpy/action_client.cpp:27[m[K:
[32.188s] [01m[K/home/trueog/ros2_ws_ROB599/src/rclpy_ws/src/rclpy/rclpy/src/rclpy/utils.hpp:153:48:[m[K [01;31m[Kerror: [m[Kâ€˜[01m[Krmw_service_endpoint_info_array_t[m[Kâ€™ does not name a type; did you mean â€˜[01m[Krmw_topic_endpoint_info_array_t[m[Kâ€™?
[32.188s]   153 | convert_to_py_service_endpoint_info_list(const [01;31m[Krmw_service_endpoint_info_array_t[m[K * info_array);
[32.188s]       |                                                [01;31m[K^~~~~~~~~~~~~~~~~~~~~~~~~~~~~~~~~[m[K
[32.188s]       |                                                [32m[Krmw_topic_endpoint_info_array_t[m[K
[33.691s] [ 15%] [32mBuilding CXX object CMakeFiles/_rclpy_pybind11.dir/src/rclpy/action_goal_handle.cpp.o[0m
[34.132s] gmake[2]: *** [CMakeFiles/_rclpy_pybind11.dir/build.make:104: CMakeFiles/_rclpy_pybind11.dir/src/rclpy/action_client.cpp.o] Error 1
[34.132s] gmake[2]: *** Waiting for unfinished jobs....
[35.172s] gmake[2]: *** [CMakeFiles/_rclpy_pybind11.dir/build.make:90: CMakeFiles/_rclpy_pybind11.dir/src/rclpy/_rclpy_pybind11.cpp.o] Error 1
[35.344s] In file included from [01m[K/home/trueog/ros2_ws_ROB599/src/rclpy_ws/src/rclpy/rclpy/src/rclpy/clock.hpp:26[m[K,
[35.344s]                  from [01m[K/home/trueog/ros2_ws_ROB599/src/rclpy_ws/src/rclpy/rclpy/src/rclpy/action_server.hpp:25[m[K,
[35.344s]                  from [01m[K/home/trueog/ros2_ws_ROB599/src/rclpy_ws/src/rclpy/rclpy/src/rclpy/action_goal_handle.hpp:25[m[K,
[35.344s]                  from [01m[K/home/trueog/ros2_ws_ROB599/src/rclpy_ws/src/rclpy/rclpy/src/rclpy/action_goal_handle.cpp:24[m[K:
[35.344s] [01m[K/home/trueog/ros2_ws_ROB599/src/rclpy_ws/src/rclpy/rclpy/src/rclpy/utils.hpp:153:48:[m[K [01;31m[Kerror: [m[Kâ€˜[01m[Krmw_service_endpoint_info_array_t[m[Kâ€™ does not name a type; did you mean â€˜[01m[Krmw_topic_endpoint_info_array_t[m[Kâ€™?
[35.344s]   153 | convert_to_py_service_endpoint_info_list(const [01;31m[Krmw_service_endpoint_info_array_t[m[K * info_array);
[35.344s]       |                                                [01;31m[K^~~~~~~~~~~~~~~~~~~~~~~~~~~~~~~~~[m[K
[35.344s]       |                                                [32m[Krmw_topic_endpoint_info_array_t[m[K
[36.102s] [ 18%] [32m[1mLinking CXX static library libgtest.a[0m
[36.190s] [ 18%] Built target gtest
[36.217s] [ 20%] [32mBuilding CXX object CMakeFiles/test_python_allocator.dir/test/test_python_allocator.cpp.o[0m
[36.353s] gmake[2]: *** [CMakeFiles/_rclpy_pybind11.dir/build.make:118: CMakeFiles/_rclpy_pybind11.dir/src/rclpy/action_goal_handle.cpp.o] Error 1
[36.353s] gmake[1]: *** [CMakeFiles/Makefile2:212: CMakeFiles/_rclpy_pybind11.dir/all] Error 2
[36.354s] gmake[1]: *** Waiting for unfinished jobs....
[39.031s] [ 22%] [32m[1mLinking CXX executable test_python_allocator[0m
[39.175s] [ 22%] Built target test_python_allocator
[39.179s] gmake: *** [Makefile:146: all] Error 2
[39.181s] Invoked command in '/home/trueog/ros2_ws_ROB599/build/rclpy' returned '2': CMAKE_PREFIX_PATH=${CMAKE_PREFIX_PATH}:/home/trueog/ros2_ws_ROB599/install/hw3:/home/trueog/ros2_ws_ROB599/install/hw2:/home/trueog/ros2_ws_ROB599/install/hw1:/home/trueog/ros2_ws_ROB599/src/install/hw3:/home/trueog/ros2_ws_ROB599/src/install/hw2:/home/trueog/ros2_ws_ROB599/src/install/hw1:/home/trueog/ros2_ws_ROB599/src/install/py_pubsub:/opt/ros/kilted DEBUGINFOD_URLS=https://debuginfod.ubuntu.com /usr/bin/cmake --build /home/trueog/ros2_ws_ROB599/build/rclpy -- -j4 -l4
